Running from: C:\Users\arttu\AppData\Local\Temp\tmpv97j11br 
Command: C:\Users\arttu\Downloads\mwm\MwmBuilder.exe /s:Content /m:DSNAirlock_Large.fbx /o:.\ 
: WARNING: 
    Could not find Materials library folder.
: WARNING: 
    Model contains degenerated triangle (indices 1624 1626 1625)
: WARNING: 
    Model contains degenerated triangle (indices 1624 1625 1624)
: WARNING: 
    Model contains degenerated triangle (indices 1627 1629 1628)
: WARNING: 
    Model contains degenerated triangle (indices 1627 1628 1627)
: WARNING: 
    Model contains degenerated triangle (indices 1630 1632 1631)
: WARNING: 
    Model contains degenerated triangle (indices 1630 1631 1630)
: WARNING: 
    Model contains degenerated triangle (indices 1625 1634 1633)
: WARNING: 
    Model contains degenerated triangle (indices 1625 1633 1625)
: WARNING: 
    Model contains degenerated triangle (indices 1635 1636 1627)
: WARNING: 
    Model contains degenerated triangle (indices 1635 1627 1635)
: WARNING: 
    Model contains degenerated triangle (indices 1637 1638 1630)
: WARNING: 
    Model contains degenerated triangle (indices 1637 1630 1637)
: WARNING: 
    Model contains degenerated triangle (indices 1633 1640 1639)
: WARNING: 
    Model contains degenerated triangle (indices 1633 1639 1633)
: WARNING: 
    Model contains degenerated triangle (indices 1641 1642 1635)
: WARNING: 
    Model contains degenerated triangle (indices 1641 1635 1641)
: WARNING: 
    Model contains degenerated triangle (indices 1643 1644 1637)
: WARNING: 
    Model contains degenerated triangle (indices 1643 1637 1643)
: WARNING: 
    Model contains degenerated triangle (indices 1639 1646 1645)
: WARNING: 
    Model contains degenerated triangle (indices 1639 1645 1639)
: WARNING: 
    Model contains degenerated triangle (indices 1647 1648 1641)
: WARNING: 
    Model contains degenerated triangle (indices 1647 1641 1647)
: WARNING: 
    Model contains degenerated triangle (indices 1649 1650 1643)
: WARNING: 
    Model contains degenerated triangle (indices 1649 1643 1649)
: WARNING: 
    Model contains degenerated triangle (indices 1645 1652 1651)
: WARNING: 
    Model contains degenerated triangle (indices 1645 1651 1645)
: WARNING: 
    Model contains degenerated triangle (indices 1653 1654 1647)
: WARNING: 
    Model contains degenerated triangle (indices 1653 1647 1653)
: WARNING: 
    Model contains degenerated triangle (indices 1655 1656 1649)
: WARNING: 
    Model contains degenerated triangle (indices 1655 1649 1655)
: WARNING: 
    Model contains degenerated triangle (indices 1651 1658 1657)
: WARNING: 
    Model contains degenerated triangle (indices 1651 1657 1651)
: WARNING: 
    Model contains degenerated triangle (indices 1659 1660 1653)
: WARNING: 
    Model contains degenerated triangle (indices 1659 1653 1659)
: WARNING: 
    Model contains degenerated triangle (indices 1661 1662 1655)
: WARNING: 
    Model contains degenerated triangle (indices 1661 1655 1661)
: WARNING: 
    Model contains degenerated triangle (indices 1657 1664 1663)
: WARNING: 
    Model contains degenerated triangle (indices 1657 1663 1657)
: WARNING: 
    Model contains degenerated triangle (indices 1665 1666 1659)
: WARNING: 
    Model contains degenerated triangle (indices 1665 1659 1665)
: WARNING: 
    Model contains degenerated triangle (indices 1667 1668 1661)
: WARNING: 
    Model contains degenerated triangle (indices 1667 1661 1667)
: WARNING: 
    Model contains degenerated triangle (indices 1663 1670 1669)
: WARNING: 
    Model contains degenerated triangle (indices 1663 1669 1663)
: WARNING: 
    Model contains degenerated triangle (indices 1671 1672 1665)
: WARNING: 
    Model contains degenerated triangle (indices 1671 1665 1671)
: WARNING: 
    Model contains degenerated triangle (indices 1673 1674 1667)
: WARNING: 
    Model contains degenerated triangle (indices 1673 1667 1673)
: WARNING: 
    Model contains degenerated triangle (indices 1669 1676 1675)
: WARNING: 
    Model contains degenerated triangle (indices 1669 1675 1669)
: WARNING: 
    Model contains degenerated triangle (indices 1677 1678 1671)
: WARNING: 
    Model contains degenerated triangle (indices 1677 1671 1677)
: WARNING: 
    Model contains degenerated triangle (indices 1679 1680 1673)
: WARNING: 
    Model contains degenerated triangle (indices 1679 1673 1679)
: WARNING: 
    Model contains degenerated triangle (indices 1675 1682 1681)
: WARNING: 
    Model contains degenerated triangle (indices 1675 1681 1675)
: WARNING: 
    Model contains degenerated triangle (indices 1683 1684 1677)
: WARNING: 
    Model contains degenerated triangle (indices 1683 1677 1683)
: WARNING: 
    Model contains degenerated triangle (indices 1685 1686 1679)
: WARNING: 
    Model contains degenerated triangle (indices 1685 1679 1685)
: WARNING: 
    Model contains degenerated triangle (indices 1681 1688 1687)
: WARNING: 
    Model contains degenerated triangle (indices 1681 1687 1681)
: WARNING: 
    Model contains degenerated triangle (indices 1689 1690 1683)
: WARNING: 
    Model contains degenerated triangle (indices 1689 1683 1689)
: WARNING: 
    Model contains degenerated triangle (indices 1691 1692 1685)
: WARNING: 
    Model contains degenerated triangle (indices 1691 1685 1691)
: WARNING: 
    Model contains degenerated triangle (indices 1687 1694 1693)
: WARNING: 
    Model contains degenerated triangle (indices 1687 1693 1687)
: WARNING: 
    Model contains degenerated triangle (indices 1695 1696 1689)
: WARNING: 
    Model contains degenerated triangle (indices 1695 1689 1695)
: WARNING: 
    Model contains degenerated triangle (indices 1697 1698 1691)
: WARNING: 
    Model contains degenerated triangle (indices 1697 1691 1697)
: WARNING: 
    Model contains degenerated triangle (indices 1693 1700 1699)
: WARNING: 
    Model contains degenerated triangle (indices 1693 1699 1693)
: WARNING: 
    Model contains degenerated triangle (indices 1701 1702 1695)
: WARNING: 
    Model contains degenerated triangle (indices 1701 1695 1701)
: WARNING: 
    Model contains degenerated triangle (indices 1703 1704 1697)
: WARNING: 
    Model contains degenerated triangle (indices 1703 1697 1703)
: WARNING: 
    Model contains degenerated triangle (indices 1699 1706 1705)
: WARNING: 
    Model contains degenerated triangle (indices 1699 1705 1699)
: WARNING: 
    Model contains degenerated triangle (indices 1707 1708 1701)
: WARNING: 
    Model contains degenerated triangle (indices 1707 1701 1707)
: WARNING: 
    Model contains degenerated triangle (indices 1709 1710 1703)
: WARNING: 
    Model contains degenerated triangle (indices 1709 1703 1709)
: WARNING: 
    Model contains degenerated triangle (indices 1711 1713 1712)
: WARNING: 
    Model contains degenerated triangle (indices 1711 1712 1711)
: WARNING: 
    Model contains degenerated triangle (indices 1714 1715 1707)
: WARNING: 
    Model contains degenerated triangle (indices 1714 1707 1714)
: WARNING: 
    Model contains degenerated triangle (indices 1716 1717 1709)
: WARNING: 
    Model contains degenerated triangle (indices 1716 1709 1716)
: WARNING: 
    Model contains degenerated triangle (indices 1712 1719 1718)
: WARNING: 
    Model contains degenerated triangle (indices 1712 1718 1712)
: WARNING: 
    Model contains degenerated triangle (indices 1720 1721 1714)
: WARNING: 
    Model contains degenerated triangle (indices 1720 1714 1720)
: WARNING: 
    Model contains degenerated triangle (indices 1722 1723 1716)
: WARNING: 
    Model contains degenerated triangle (indices 1722 1716 1722)
: WARNING: 
    Model contains degenerated triangle (indices 1718 1725 1724)
: WARNING: 
    Model contains degenerated triangle (indices 1718 1724 1718)
: WARNING: 
    Model contains degenerated triangle (indices 1726 1727 1722)
: WARNING: 
    Model contains degenerated triangle (indices 1726 1722 1726)
: WARNING: 
    Model contains degenerated triangle (indices 1724 1729 1728)
: WARNING: 
    Model contains degenerated triangle (indices 1724 1728 1724)
: WARNING: 
    Model contains degenerated triangle (indices 1730 1731 1726)
: WARNING: 
    Model contains degenerated triangle (indices 1730 1726 1730)
: WARNING: 
    Model contains degenerated triangle (indices 1728 1733 1732)
: WARNING: 
    Model contains degenerated triangle (indices 1728 1732 1728)
: WARNING: 
    Model contains degenerated triangle (indices 1734 1736 1735)
: WARNING: 
    Model contains degenerated triangle (indices 1734 1735 1734)
: WARNING: 
    Model contains degenerated triangle (indices 1737 1738 1730)
: WARNING: 
    Model contains degenerated triangle (indices 1737 1730 1737)
: WARNING: 
    Model contains degenerated triangle (indices 1732 1740 1739)
: WARNING: 
    Model contains degenerated triangle (indices 1732 1739 1732)
: WARNING: 
    Model contains degenerated triangle (indices 1735 1742 1741)
: WARNING: 
    Model contains degenerated triangle (indices 1735 1741 1735)
: WARNING: 
    Model contains degenerated triangle (indices 1743 1744 1737)
: WARNING: 
    Model contains degenerated triangle (indices 1743 1737 1743)
: WARNING: 
    Model contains degenerated triangle (indices 1739 1746 1745)
: WARNING: 
    Model contains degenerated triangle (indices 1739 1745 1739)
: WARNING: 
    Model contains degenerated triangle (indices 1741 1748 1747)
: WARNING: 
    Model contains degenerated triangle (indices 1741 1747 1741)
: WARNING: 
    Model contains degenerated triangle (indices 1749 1750 1743)
: WARNING: 
    Model contains degenerated triangle (indices 1749 1743 1749)
: WARNING: 
    Model contains degenerated triangle (indices 1745 1752 1751)
: WARNING: 
    Model contains degenerated triangle (indices 1745 1751 1745)
: WARNING: 
    Model contains degenerated triangle (indices 1747 1754 1753)
: WARNING: 
    Model contains degenerated triangle (indices 1747 1753 1747)
: WARNING: 
    Model contains degenerated triangle (indices 1755 1756 1749)
: WARNING: 
    Model contains degenerated triangle (indices 1755 1749 1755)
: WARNING: 
    Model contains degenerated triangle (indices 1751 1758 1757)
: WARNING: 
    Model contains degenerated triangle (indices 1751 1757 1751)
: WARNING: 
    Model contains degenerated triangle (indices 1753 1760 1759)
: WARNING: 
    Model contains degenerated triangle (indices 1753 1759 1753)
: WARNING: 
    Model contains degenerated triangle (indices 1761 1762 1755)
: WARNING: 
    Model contains degenerated triangle (indices 1761 1755 1761)
: WARNING: 
    Model contains degenerated triangle (indices 1757 1764 1763)
: WARNING: 
    Model contains degenerated triangle (indices 1757 1763 1757)
: WARNING: 
    Model contains degenerated triangle (indices 1759 1766 1765)
: WARNING: 
    Model contains degenerated triangle (indices 1759 1765 1759)
: WARNING: 
    Model contains degenerated triangle (indices 1767 1768 1761)
: WARNING: 
    Model contains degenerated triangle (indices 1767 1761 1767)
: WARNING: 
    Model contains degenerated triangle (indices 1763 1770 1769)
: WARNING: 
    Model contains degenerated triangle (indices 1763 1769 1763)
: WARNING: 
    Model contains degenerated triangle (indices 1765 1772 1771)
: WARNING: 
    Model contains degenerated triangle (indices 1765 1771 1765)
: WARNING: 
    Model contains degenerated triangle (indices 1773 1774 1767)
: WARNING: 
    Model contains degenerated triangle (indices 1773 1767 1773)
: WARNING: 
    Model contains degenerated triangle (indices 1769 1776 1775)
: WARNING: 
    Model contains degenerated triangle (indices 1769 1775 1769)
: WARNING: 
    Model contains degenerated triangle (indices 1771 1778 1777)
: WARNING: 
    Model contains degenerated triangle (indices 1771 1777 1771)
: WARNING: 
    Model contains degenerated triangle (indices 1779 1780 1773)
: WARNING: 
    Model contains degenerated triangle (indices 1779 1773 1779)
: WARNING: 
    Model contains degenerated triangle (indices 1775 1782 1781)
: WARNING: 
    Model contains degenerated triangle (indices 1775 1781 1775)
: WARNING: 
    Model contains degenerated triangle (indices 1777 1784 1783)
: WARNING: 
    Model contains degenerated triangle (indices 1777 1783 1777)
: WARNING: 
    Model contains degenerated triangle (indices 1785 1786 1779)
: WARNING: 
    Model contains degenerated triangle (indices 1785 1779 1785)
: WARNING: 
    Model contains degenerated triangle (indices 1781 1788 1787)
: WARNING: 
    Model contains degenerated triangle (indices 1781 1787 1781)
: WARNING: 
    Model contains degenerated triangle (indices 1783 1790 1789)
: WARNING: 
    Model contains degenerated triangle (indices 1783 1789 1783)
: WARNING: 
    Model contains degenerated triangle (indices 1791 1792 1785)
: WARNING: 
    Model contains degenerated triangle (indices 1791 1785 1791)
: WARNING: 
    Model contains degenerated triangle (indices 1787 1794 1793)
: WARNING: 
    Model contains degenerated triangle (indices 1787 1793 1787)
: WARNING: 
    Model contains degenerated triangle (indices 1789 1796 1795)
: WARNING: 
    Model contains degenerated triangle (indices 1789 1795 1789)
: WARNING: 
    Model contains degenerated triangle (indices 1797 1798 1791)
: WARNING: 
    Model contains degenerated triangle (indices 1797 1791 1797)
: WARNING: 
    Model contains degenerated triangle (indices 1793 1800 1799)
: WARNING: 
    Model contains degenerated triangle (indices 1793 1799 1793)
: WARNING: 
    Model contains degenerated triangle (indices 1795 1802 1801)
: WARNING: 
    Model contains degenerated triangle (indices 1795 1801 1795)
: WARNING: 
    Model contains degenerated triangle (indices 1803 1804 1797)
: WARNING: 
    Model contains degenerated triangle (indices 1803 1797 1803)
: WARNING: 
    Model contains degenerated triangle (indices 1799 1806 1805)
: WARNING: 
    Model contains degenerated triangle (indices 1799 1805 1799)
: WARNING: 
    Model contains degenerated triangle (indices 1801 1808 1807)
: WARNING: 
    Model contains degenerated triangle (indices 1801 1807 1801)
: WARNING: 
    Model contains degenerated triangle (indices 1809 1810 1803)
: WARNING: 
    Model contains degenerated triangle (indices 1809 1803 1809)
: WARNING: 
    Model contains degenerated triangle (indices 1805 1812 1811)
: WARNING: 
    Model contains degenerated triangle (indices 1805 1811 1805)
: WARNING: 
    Model contains degenerated triangle (indices 1807 1814 1813)
: WARNING: 
    Model contains degenerated triangle (indices 1807 1813 1807)
: WARNING: 
    Model contains degenerated triangle (indices 1815 1816 1809)
: WARNING: 
    Model contains degenerated triangle (indices 1815 1809 1815)
: WARNING: 
    Model contains degenerated triangle (indices 1811 1818 1817)
: WARNING: 
    Model contains degenerated triangle (indices 1811 1817 1811)
: WARNING: 
    Model contains degenerated triangle (indices 1813 1820 1819)
: WARNING: 
    Model contains degenerated triangle (indices 1813 1819 1813)
: WARNING: 
    Model contains degenerated triangle (indices 1821 1822 1815)
: WARNING: 
    Model contains degenerated triangle (indices 1821 1815 1821)
: WARNING: 
    Model contains degenerated triangle (indices 1817 1824 1823)
: WARNING: 
    Model contains degenerated triangle (indices 1817 1823 1817)
: WARNING: 
    Model contains degenerated triangle (indices 1819 1826 1825)
: WARNING: 
    Model contains degenerated triangle (indices 1819 1825 1819)
: WARNING: 
    Model contains degenerated triangle (indices 1827 1828 1821)
: WARNING: 
    Model contains degenerated triangle (indices 1827 1821 1827)
: WARNING: 
    Model contains degenerated triangle (indices 1823 1830 1829)
: WARNING: 
    Model contains degenerated triangle (indices 1823 1829 1823)
: WARNING: 
    Model contains degenerated triangle (indices 1825 1832 1831)
: WARNING: 
    Model contains degenerated triangle (indices 1825 1831 1825)
: WARNING: 
    Model contains degenerated triangle (indices 1833 1834 1827)
: WARNING: 
    Model contains degenerated triangle (indices 1833 1827 1833)
: WARNING: 
    Model contains degenerated triangle (indices 1829 1836 1835)
: WARNING: 
    Model contains degenerated triangle (indices 1829 1835 1829)
: WARNING: 
    Model contains degenerated triangle (indices 1831 1838 1837)
: WARNING: 
    Model contains degenerated triangle (indices 1831 1837 1831)
: WARNING: 
    Model contains degenerated triangle (indices 1839 1840 1833)
: WARNING: 
    Model contains degenerated triangle (indices 1839 1833 1839)
: WARNING: 
    Model contains degenerated triangle (indices 1835 1842 1841)
: WARNING: 
    Model contains degenerated triangle (indices 1835 1841 1835)
: WARNING: 
    Model contains degenerated triangle (indices 1837 1844 1843)
: WARNING: 
    Model contains degenerated triangle (indices 1837 1843 1837)
: WARNING: 
    Model contains degenerated triangle (indices 1845 1846 1839)
: WARNING: 
    Model contains degenerated triangle (indices 1845 1839 1845)
: WARNING: 
    Model contains degenerated triangle (indices 1841 1848 1847)
: WARNING: 
    Model contains degenerated triangle (indices 1841 1847 1841)
: WARNING: 
    Model contains degenerated triangle (indices 1843 1850 1849)
: WARNING: 
    Model contains degenerated triangle (indices 1843 1849 1843)
: WARNING: 
    Model contains degenerated triangle (indices 1851 1852 1845)
: WARNING: 
    Model contains degenerated triangle (indices 1851 1845 1851)
: WARNING: 
    Model contains degenerated triangle (indices 1847 1854 1853)
: WARNING: 
    Model contains degenerated triangle (indices 1847 1853 1847)
: WARNING: 
    Model contains degenerated triangle (indices 1849 1856 1855)
: WARNING: 
    Model contains degenerated triangle (indices 1849 1855 1849)
: WARNING: 
    Model contains degenerated triangle (indices 1857 1858 1851)
: WARNING: 
    Model contains degenerated triangle (indices 1857 1851 1857)
: WARNING: 
    Model contains degenerated triangle (indices 1853 1860 1859)
: WARNING: 
    Model contains degenerated triangle (indices 1853 1859 1853)
: WARNING: 
    Model contains degenerated triangle (indices 1855 1862 1861)
: WARNING: 
    Model contains degenerated triangle (indices 1855 1861 1855)
: WARNING: 
    Model contains degenerated triangle (indices 1863 1864 1857)
: WARNING: 
    Model contains degenerated triangle (indices 1863 1857 1863)
: WARNING: 
    Model contains degenerated triangle (indices 1859 1866 1865)
: WARNING: 
    Model contains degenerated triangle (indices 1859 1865 1859)
: WARNING: 
    Model contains degenerated triangle (indices 1861 1868 1867)
: WARNING: 
    Model contains degenerated triangle (indices 1861 1867 1861)
: WARNING: 
    Model contains degenerated triangle (indices 1869 1870 1863)
: WARNING: 
    Model contains degenerated triangle (indices 1869 1863 1869)
: WARNING: 
    Model contains degenerated triangle (indices 1865 1872 1871)
: WARNING: 
    Model contains degenerated triangle (indices 1865 1871 1865)
: WARNING: 
    Model contains degenerated triangle (indices 1867 1874 1873)
: WARNING: 
    Model contains degenerated triangle (indices 1867 1873 1867)
: WARNING: 
    Model contains degenerated triangle (indices 1875 1876 1869)
: WARNING: 
    Model contains degenerated triangle (indices 1875 1869 1875)
: WARNING: 
    Model contains degenerated triangle (indices 1871 1878 1877)
: WARNING: 
    Model contains degenerated triangle (indices 1871 1877 1871)
: WARNING: 
    Model contains degenerated triangle (indices 1873 1880 1879)
: WARNING: 
    Model contains degenerated triangle (indices 1873 1879 1873)
: WARNING: 
    Model contains degenerated triangle (indices 1881 1882 1875)
: WARNING: 
    Model contains degenerated triangle (indices 1881 1875 1881)
: WARNING: 
    Model contains degenerated triangle (indices 1877 1884 1883)
: WARNING: 
    Model contains degenerated triangle (indices 1877 1883 1877)
: WARNING: 
    Model contains degenerated triangle (indices 1879 1886 1885)
: WARNING: 
    Model contains degenerated triangle (indices 1879 1885 1879)
: WARNING: 
    Model contains degenerated triangle (indices 1887 1888 1881)
: WARNING: 
    Model contains degenerated triangle (indices 1887 1881 1887)
: WARNING: 
    Model contains degenerated triangle (indices 1883 1890 1889)
: WARNING: 
    Model contains degenerated triangle (indices 1883 1889 1883)
: WARNING: 
    Model contains degenerated triangle (indices 1885 1892 1891)
: WARNING: 
    Model contains degenerated triangle (indices 1885 1891 1885)
: WARNING: 
    Model contains degenerated triangle (indices 1893 1894 1887)
: WARNING: 
    Model contains degenerated triangle (indices 1893 1887 1893)
: WARNING: 
    Model contains degenerated triangle (indices 1889 1896 1895)
: WARNING: 
    Model contains degenerated triangle (indices 1889 1895 1889)
: WARNING: 
    Model contains degenerated triangle (indices 1891 1898 1897)
: WARNING: 
    Model contains degenerated triangle (indices 1891 1897 1891)
: WARNING: 
    Model contains degenerated triangle (indices 1899 1900 1893)
: WARNING: 
    Model contains degenerated triangle (indices 1899 1893 1899)
: WARNING: 
    Model contains degenerated triangle (indices 1895 1902 1901)
: WARNING: 
    Model contains degenerated triangle (indices 1895 1901 1895)
: WARNING: 
    Model contains degenerated triangle (indices 1897 1904 1903)
: WARNING: 
    Model contains degenerated triangle (indices 1897 1903 1897)
: WARNING: 
    Model contains degenerated triangle (indices 1905 1906 1899)
: WARNING: 
    Model contains degenerated triangle (indices 1905 1899 1905)
: WARNING: 
    Model contains degenerated triangle (indices 1901 1908 1907)
: WARNING: 
    Model contains degenerated triangle (indices 1901 1907 1901)
: WARNING: 
    Model contains degenerated triangle (indices 1903 1910 1909)
: WARNING: 
    Model contains degenerated triangle (indices 1903 1909 1903)
: WARNING: 
    Model contains degenerated triangle (indices 1911 1912 1905)
: WARNING: 
    Model contains degenerated triangle (indices 1911 1905 1911)
: WARNING: 
    Model contains degenerated triangle (indices 1907 1914 1913)
: WARNING: 
    Model contains degenerated triangle (indices 1907 1913 1907)
: WARNING: 
    Model contains degenerated triangle (indices 1909 1916 1915)
: WARNING: 
    Model contains degenerated triangle (indices 1909 1915 1909)
: WARNING: 
    Model contains degenerated triangle (indices 1917 1918 1911)
: WARNING: 
    Model contains degenerated triangle (indices 1917 1911 1917)
: WARNING: 
    Model contains degenerated triangle (indices 1913 1920 1919)
: WARNING: 
    Model contains degenerated triangle (indices 1913 1919 1913)
: WARNING: 
    Model contains degenerated triangle (indices 1915 1922 1921)
: WARNING: 
    Model contains degenerated triangle (indices 1915 1921 1915)
: WARNING: 
    Model contains degenerated triangle (indices 1923 1924 1917)
: WARNING: 
    Model contains degenerated triangle (indices 1923 1917 1923)
: WARNING: 
    Model contains degenerated triangle (indices 1919 1926 1925)
: WARNING: 
    Model contains degenerated triangle (indices 1919 1925 1919)
: WARNING: 
    Model contains degenerated triangle (indices 1921 1928 1927)
: WARNING: 
    Model contains degenerated triangle (indices 1921 1927 1921)
: WARNING: 
    Model contains degenerated triangle (indices 1929 1930 1923)
: WARNING: 
    Model contains degenerated triangle (indices 1929 1923 1929)
: WARNING: 
    Model contains degenerated triangle (indices 1925 1932 1931)
: WARNING: 
    Model contains degenerated triangle (indices 1925 1931 1925)
: WARNING: 
    Model contains degenerated triangle (indices 1927 1934 1933)
: WARNING: 
    Model contains degenerated triangle (indices 1927 1933 1927)
: WARNING: 
    Model contains degenerated triangle (indices 1935 1936 1929)
: WARNING: 
    Model contains degenerated triangle (indices 1935 1929 1935)
: WARNING: 
    Model contains degenerated triangle (indices 1931 1938 1937)
: WARNING: 
    Model contains degenerated triangle (indices 1931 1937 1931)
: WARNING: 
    Model contains degenerated triangle (indices 1933 1940 1939)
: WARNING: 
    Model contains degenerated triangle (indices 1933 1939 1933)
: WARNING: 
    Model contains degenerated triangle (indices 1941 1942 1935)
: WARNING: 
    Model contains degenerated triangle (indices 1941 1935 1941)
: WARNING: 
    Model contains degenerated triangle (indices 1937 1944 1943)
: WARNING: 
    Model contains degenerated triangle (indices 1937 1943 1937)
: WARNING: 
    Model contains degenerated triangle (indices 1939 1946 1945)
: WARNING: 
    Model contains degenerated triangle (indices 1939 1945 1939)
: WARNING: 
    Model contains degenerated triangle (indices 1947 1948 1941)
: WARNING: 
    Model contains degenerated triangle (indices 1947 1941 1947)
: WARNING: 
    Model contains degenerated triangle (indices 1949 1951 1950)
: WARNING: 
    Model contains degenerated triangle (indices 1949 1950 1949)
: WARNING: 
    Model contains degenerated triangle (indices 1945 1953 1952)
: WARNING: 
    Model contains degenerated triangle (indices 1945 1952 1945)
: WARNING: 
    Model contains degenerated triangle (indices 1954 1955 1947)
: WARNING: 
    Model contains degenerated triangle (indices 1954 1947 1954)
: WARNING: 
    Model contains degenerated triangle (indices 1950 1957 1956)
: WARNING: 
    Model contains degenerated triangle (indices 1950 1956 1950)
: WARNING: 
    Model contains degenerated triangle (indices 1952 1959 1958)
: WARNING: 
    Model contains degenerated triangle (indices 1952 1958 1952)
: WARNING: 
    Model contains degenerated triangle (indices 1960 1961 1954)
: WARNING: 
    Model contains degenerated triangle (indices 1960 1954 1960)
: WARNING: 
    Model contains degenerated triangle (indices 1956 1963 1962)
: WARNING: 
    Model contains degenerated triangle (indices 1956 1962 1956)
: WARNING: 
    Model contains degenerated triangle (indices 1958 1965 1964)
: WARNING: 
    Model contains degenerated triangle (indices 1958 1964 1958)
: WARNING: 
    Model contains degenerated triangle (indices 1966 1967 1960)
: WARNING: 
    Model contains degenerated triangle (indices 1966 1960 1966)
: WARNING: 
    Model contains degenerated triangle (indices 1962 1969 1968)
: WARNING: 
    Model contains degenerated triangle (indices 1962 1968 1962)
: WARNING: 
    Model contains degenerated triangle (indices 1964 1971 1970)
: WARNING: 
    Model contains degenerated triangle (indices 1964 1970 1964)
: WARNING: 
    Model contains degenerated triangle (indices 1972 1973 1966)
: WARNING: 
    Model contains degenerated triangle (indices 1972 1966 1972)
: WARNING: 
    Model contains degenerated triangle (indices 1968 1975 1974)
: WARNING: 
    Model contains degenerated triangle (indices 1968 1974 1968)
: WARNING: 
    Model contains degenerated triangle (indices 1970 1977 1976)
: WARNING: 
    Model contains degenerated triangle (indices 1970 1976 1970)
: WARNING: 
    Model contains degenerated triangle (indices 1978 1979 1972)
: WARNING: 
    Model contains degenerated triangle (indices 1978 1972 1978)
: WARNING: 
    Model contains degenerated triangle (indices 1974 1981 1980)
: WARNING: 
    Model contains degenerated triangle (indices 1974 1980 1974)
: WARNING: 
    Model contains degenerated triangle (indices 1976 1983 1982)
: WARNING: 
    Model contains degenerated triangle (indices 1976 1982 1976)
: WARNING: 
    Model contains degenerated triangle (indices 1984 1985 1978)
: WARNING: 
    Model contains degenerated triangle (indices 1984 1978 1984)
: WARNING: 
    Model contains degenerated triangle (indices 1980 1987 1986)
: WARNING: 
    Model contains degenerated triangle (indices 1980 1986 1980)
: WARNING: 
    Model contains degenerated triangle (indices 1982 1989 1988)
: WARNING: 
    Model contains degenerated triangle (indices 1982 1988 1982)
: WARNING: 
    Model contains degenerated triangle (indices 1990 1991 1984)
: WARNING: 
    Model contains degenerated triangle (indices 1990 1984 1990)
: WARNING: 
    Model contains degenerated triangle (indices 1986 1993 1992)
: WARNING: 
    Model contains degenerated triangle (indices 1986 1992 1986)
: WARNING: 
    Model contains degenerated triangle (indices 1988 1995 1994)
: WARNING: 
    Model contains degenerated triangle (indices 1988 1994 1988)
: WARNING: 
    Model contains degenerated triangle (indices 1996 1997 1990)
: WARNING: 
    Model contains degenerated triangle (indices 1996 1990 1996)
: WARNING: 
    Model contains degenerated triangle (indices 1992 1999 1998)
: WARNING: 
    Model contains degenerated triangle (indices 1992 1998 1992)
: WARNING: 
    Model contains degenerated triangle (indices 1994 2001 2000)
: WARNING: 
    Model contains degenerated triangle (indices 1994 2000 1994)
: WARNING: 
    Model contains degenerated triangle (indices 2002 2003 1996)
: WARNING: 
    Model contains degenerated triangle (indices 2002 1996 2002)
: WARNING: 
    Model contains degenerated triangle (indices 1998 2005 2004)
: WARNING: 
    Model contains degenerated triangle (indices 1998 2004 1998)
: WARNING: 
    Model contains degenerated triangle (indices 2000 2007 2006)
: WARNING: 
    Model contains degenerated triangle (indices 2000 2006 2000)
: WARNING: 
    Model contains degenerated triangle (indices 2008 2009 2002)
: WARNING: 
    Model contains degenerated triangle (indices 2008 2002 2008)
: WARNING: 
    Model contains degenerated triangle (indices 2004 2011 2010)
: WARNING: 
    Model contains degenerated triangle (indices 2004 2010 2004)
: WARNING: 
    Model contains degenerated triangle (indices 2006 2013 2012)
: WARNING: 
    Model contains degenerated triangle (indices 2006 2012 2006)
: WARNING: 
    Model contains degenerated triangle (indices 2014 2015 2008)
: WARNING: 
    Model contains degenerated triangle (indices 2014 2008 2014)
: WARNING: 
    Model contains degenerated triangle (indices 2016 2017 1720)
: WARNING: 
    Model contains degenerated triangle (indices 2016 1720 2016)
: WARNING: 
    Model contains degenerated triangle (indices 2010 2019 2018)
: WARNING: 
    Model contains degenerated triangle (indices 2010 2018 2010)
: WARNING: 
    Model contains degenerated triangle (indices 2012 2021 2020)
: WARNING: 
    Model contains degenerated triangle (indices 2012 2020 2012)
: WARNING: 
    Model contains degenerated triangle (indices 2022 2023 2014)
: WARNING: 
    Model contains degenerated triangle (indices 2022 2014 2022)
: WARNING: 
    Model contains degenerated triangle (indices 2024 2025 2016)
: WARNING: 
    Model contains degenerated triangle (indices 2024 2016 2024)
: WARNING: 
    Model contains degenerated triangle (indices 2018 2027 2026)
: WARNING: 
    Model contains degenerated triangle (indices 2018 2026 2018)
: WARNING: 
    Model contains degenerated triangle (indices 2020 2029 2028)
: WARNING: 
    Model contains degenerated triangle (indices 2020 2028 2020)
: WARNING: 
    Model contains degenerated triangle (indices 2030 2031 2022)
: WARNING: 
    Model contains degenerated triangle (indices 2030 2022 2030)
: WARNING: 
    Model contains degenerated triangle (indices 2032 2033 2024)
: WARNING: 
    Model contains degenerated triangle (indices 2032 2024 2032)
: WARNING: 
    Model contains degenerated triangle (indices 2026 2035 2034)
: WARNING: 
    Model contains degenerated triangle (indices 2026 2034 2026)
: WARNING: 
    Model contains degenerated triangle (indices 2028 2037 2036)
: WARNING: 
    Model contains degenerated triangle (indices 2028 2036 2028)
: WARNING: 
    Model contains degenerated triangle (indices 2038 2039 2030)
: WARNING: 
    Model contains degenerated triangle (indices 2038 2030 2038)
: WARNING: 
    Model contains degenerated triangle (indices 2040 2041 2032)
: WARNING: 
    Model contains degenerated triangle (indices 2040 2032 2040)
: WARNING: 
    Model contains degenerated triangle (indices 2034 2043 2042)
: WARNING: 
    Model contains degenerated triangle (indices 2034 2042 2034)
: WARNING: 
    Model contains degenerated triangle (indices 2036 2045 2044)
: WARNING: 
    Model contains degenerated triangle (indices 2036 2044 2036)
: WARNING: 
    Model contains degenerated triangle (indices 2046 2047 2038)
: WARNING: 
    Model contains degenerated triangle (indices 2046 2038 2046)
: WARNING: 
    Model contains degenerated triangle (indices 2048 2049 2040)
: WARNING: 
    Model contains degenerated triangle (indices 2048 2040 2048)
: WARNING: 
    Model contains degenerated triangle (indices 2042 2051 2050)
: WARNING: 
    Model contains degenerated triangle (indices 2042 2050 2042)
: WARNING: 
    Model contains degenerated triangle (indices 2044 2053 2052)
: WARNING: 
    Model contains degenerated triangle (indices 2044 2052 2044)
: WARNING: 
    Model contains degenerated triangle (indices 2054 2055 2046)
: WARNING: 
    Model contains degenerated triangle (indices 2054 2046 2054)
: WARNING: 
    Model contains degenerated triangle (indices 2056 2057 2048)
: WARNING: 
    Model contains degenerated triangle (indices 2056 2048 2056)
: WARNING: 
    Model contains degenerated triangle (indices 2050 2059 2058)
: WARNING: 
    Model contains degenerated triangle (indices 2050 2058 2050)
: WARNING: 
    Model contains degenerated triangle (indices 2052 2061 2060)
: WARNING: 
    Model contains degenerated triangle (indices 2052 2060 2052)
: WARNING: 
    Model contains degenerated triangle (indices 2062 2063 2054)
: WARNING: 
    Model contains degenerated triangle (indices 2062 2054 2062)
: WARNING: 
    Model contains degenerated triangle (indices 2064 2065 2056)
: WARNING: 
    Model contains degenerated triangle (indices 2064 2056 2064)
: WARNING: 
    Model contains degenerated triangle (indices 2058 2067 2066)
: WARNING: 
    Model contains degenerated triangle (indices 2058 2066 2058)
: WARNING: 
    Model contains degenerated triangle (indices 2060 2069 2068)
: WARNING: 
    Model contains degenerated triangle (indices 2060 2068 2060)
: WARNING: 
    Model contains degenerated triangle (indices 2070 2071 2062)
: WARNING: 
    Model contains degenerated triangle (indices 2070 2062 2070)
: WARNING: 
    Model contains degenerated triangle (indices 2072 2073 2064)
: WARNING: 
    Model contains degenerated triangle (indices 2072 2064 2072)
: WARNING: 
    Model contains degenerated triangle (indices 2066 2075 2074)
: WARNING: 
    Model contains degenerated triangle (indices 2066 2074 2066)
: WARNING: 
    Model contains degenerated triangle (indices 2068 2077 2076)
: WARNING: 
    Model contains degenerated triangle (indices 2068 2076 2068)
: WARNING: 
    Model contains degenerated triangle (indices 2078 2079 2070)
: WARNING: 
    Model contains degenerated triangle (indices 2078 2070 2078)
: WARNING: 
    Model contains degenerated triangle (indices 2080 2081 2072)
: WARNING: 
    Model contains degenerated triangle (indices 2080 2072 2080)
: WARNING: 
    Model contains degenerated triangle (indices 2074 2082 1734)
: WARNING: 
    Model contains degenerated triangle (indices 2074 1734 2074)
: WARNING: 
    Model contains degenerated triangle (indices 2076 2084 2083)
: WARNING: 
    Model contains degenerated triangle (indices 2076 2083 2076)
: WARNING: 
    Model contains degenerated triangle (indices 2085 2086 2078)
: WARNING: 
    Model contains degenerated triangle (indices 2085 2078 2085)
: WARNING: 
    Model contains degenerated triangle (indices 2087 2088 2080)
: WARNING: 
    Model contains degenerated triangle (indices 2087 2080 2087)
: WARNING: 
    Model contains degenerated triangle (indices 2083 2090 2089)
: WARNING: 
    Model contains degenerated triangle (indices 2083 2089 2083)
: WARNING: 
    Model contains degenerated triangle (indices 2091 2092 2085)
: WARNING: 
    Model contains degenerated triangle (indices 2091 2085 2091)
: WARNING: 
    Model contains degenerated triangle (indices 2093 2094 2087)
: WARNING: 
    Model contains degenerated triangle (indices 2093 2087 2093)
: WARNING: 
    Model contains degenerated triangle (indices 2089 2096 2095)
: WARNING: 
    Model contains degenerated triangle (indices 2089 2095 2089)
: WARNING: 
    Model contains degenerated triangle (indices 2097 2098 2091)
: WARNING: 
    Model contains degenerated triangle (indices 2097 2091 2097)
: WARNING: 
    Model contains degenerated triangle (indices 2099 2100 2093)
: WARNING: 
    Model contains degenerated triangle (indices 2099 2093 2099)
: WARNING: 
    Model contains degenerated triangle (indices 2095 2102 2101)
: WARNING: 
    Model contains degenerated triangle (indices 2095 2101 2095)
: WARNING: 
    Model contains degenerated triangle (indices 2103 2104 2097)
: WARNING: 
    Model contains degenerated triangle (indices 2103 2097 2103)
: WARNING: 
    Model contains degenerated triangle (indices 2105 2106 2099)
: WARNING: 
    Model contains degenerated triangle (indices 2105 2099 2105)
: WARNING: 
    Model contains degenerated triangle (indices 2101 2108 2107)
: WARNING: 
    Model contains degenerated triangle (indices 2101 2107 2101)
: WARNING: 
    Model contains degenerated triangle (indices 2109 2110 2103)
: WARNING: 
    Model contains degenerated triangle (indices 2109 2103 2109)
: WARNING: 
    Model contains degenerated triangle (indices 2111 2112 2105)
: WARNING: 
    Model contains degenerated triangle (indices 2111 2105 2111)
: WARNING: 
    Model contains degenerated triangle (indices 2107 2114 2113)
: WARNING: 
    Model contains degenerated triangle (indices 2107 2113 2107)
: WARNING: 
    Model contains degenerated triangle (indices 2115 2116 2109)
: WARNING: 
    Model contains degenerated triangle (indices 2115 2109 2115)
: WARNING: 
    Model contains degenerated triangle (indices 2117 2118 2111)
: WARNING: 
    Model contains degenerated triangle (indices 2117 2111 2117)
: WARNING: 
    Model contains degenerated triangle (indices 2113 2120 2119)
: WARNING: 
    Model contains degenerated triangle (indices 2113 2119 2113)
: WARNING: 
    Model contains degenerated triangle (indices 2121 2122 2115)
: WARNING: 
    Model contains degenerated triangle (indices 2121 2115 2121)
: WARNING: 
    Model contains degenerated triangle (indices 2123 2124 2117)
: WARNING: 
    Model contains degenerated triangle (indices 2123 2117 2123)
: WARNING: 
    Model contains degenerated triangle (indices 2119 2126 2125)
: WARNING: 
    Model contains degenerated triangle (indices 2119 2125 2119)
: WARNING: 
    Model contains degenerated triangle (indices 2127 2128 2121)
: WARNING: 
    Model contains degenerated triangle (indices 2127 2121 2127)
: WARNING: 
    Model contains degenerated triangle (indices 2129 2130 2123)
: WARNING: 
    Model contains degenerated triangle (indices 2129 2123 2129)
: WARNING: 
    Model contains degenerated triangle (indices 2125 2132 2131)
: WARNING: 
    Model contains degenerated triangle (indices 2125 2131 2125)
: WARNING: 
    Model contains degenerated triangle (indices 2133 2134 2127)
: WARNING: 
    Model contains degenerated triangle (indices 2133 2127 2133)
: WARNING: 
    Model contains degenerated triangle (indices 2135 2136 2129)
: WARNING: 
    Model contains degenerated triangle (indices 2135 2129 2135)
: WARNING: 
    Model contains degenerated triangle (indices 2131 2138 2137)
: WARNING: 
    Model contains degenerated triangle (indices 2131 2137 2131)
: WARNING: 
    Model contains degenerated triangle (indices 2139 2140 2133)
: WARNING: 
    Model contains degenerated triangle (indices 2139 2133 2139)
: WARNING: 
    Model contains degenerated triangle (indices 2141 2142 2135)
: WARNING: 
    Model contains degenerated triangle (indices 2141 2135 2141)
: WARNING: 
    Model contains degenerated triangle (indices 2137 2144 2143)
: WARNING: 
    Model contains degenerated triangle (indices 2137 2143 2137)
: WARNING: 
    Model contains degenerated triangle (indices 2145 2146 2139)
: WARNING: 
    Model contains degenerated triangle (indices 2145 2139 2145)
: WARNING: 
    Model contains degenerated triangle (indices 2147 2148 2141)
: WARNING: 
    Model contains degenerated triangle (indices 2147 2141 2147)
: WARNING: 
    Model contains degenerated triangle (indices 2143 2150 2149)
: WARNING: 
    Model contains degenerated triangle (indices 2143 2149 2143)
: WARNING: 
    Model contains degenerated triangle (indices 2151 2152 2145)
: WARNING: 
    Model contains degenerated triangle (indices 2151 2145 2151)
: WARNING: 
    Model contains degenerated triangle (indices 2153 2154 2147)
: WARNING: 
    Model contains degenerated triangle (indices 2153 2147 2153)
: WARNING: 
    Model contains degenerated triangle (indices 2149 2156 2155)
: WARNING: 
    Model contains degenerated triangle (indices 2149 2155 2149)
: WARNING: 
    Model contains degenerated triangle (indices 2157 2158 2151)
: WARNING: 
    Model contains degenerated triangle (indices 2157 2151 2157)
: WARNING: 
    Model contains degenerated triangle (indices 2159 2160 2153)
: WARNING: 
    Model contains degenerated triangle (indices 2159 2153 2159)
: WARNING: 
    Model contains degenerated triangle (indices 2155 2162 2161)
: WARNING: 
    Model contains degenerated triangle (indices 2155 2161 2155)
: WARNING: 
    Model contains degenerated triangle (indices 2163 2164 2157)
: WARNING: 
    Model contains degenerated triangle (indices 2163 2157 2163)
: WARNING: 
    Model contains degenerated triangle (indices 2165 2166 2159)
: WARNING: 
    Model contains degenerated triangle (indices 2165 2159 2165)
: WARNING: 
    Model contains degenerated triangle (indices 2161 2168 2167)
: WARNING: 
    Model contains degenerated triangle (indices 2161 2167 2161)
: WARNING: 
    Model contains degenerated triangle (indices 2169 2170 2163)
: WARNING: 
    Model contains degenerated triangle (indices 2169 2163 2169)
: WARNING: 
    Model contains degenerated triangle (indices 2171 2172 2165)
: WARNING: 
    Model contains degenerated triangle (indices 2171 2165 2171)
: WARNING: 
    Model contains degenerated triangle (indices 2167 2174 2173)
: WARNING: 
    Model contains degenerated triangle (indices 2167 2173 2167)
: WARNING: 
    Model contains degenerated triangle (indices 2175 2176 2169)
: WARNING: 
    Model contains degenerated triangle (indices 2175 2169 2175)
: WARNING: 
    Model contains degenerated triangle (indices 2177 2178 2171)
: WARNING: 
    Model contains degenerated triangle (indices 2177 2171 2177)
: WARNING: 
    Model contains degenerated triangle (indices 2173 2180 2179)
: WARNING: 
    Model contains degenerated triangle (indices 2173 2179 2173)
: WARNING: 
    Model contains degenerated triangle (indices 2181 2182 2175)
: WARNING: 
    Model contains degenerated triangle (indices 2181 2175 2181)
: WARNING: 
    Model contains degenerated triangle (indices 2183 2184 2177)
: WARNING: 
    Model contains degenerated triangle (indices 2183 2177 2183)
: WARNING: 
    Model contains degenerated triangle (indices 2179 2186 2185)
: WARNING: 
    Model contains degenerated triangle (indices 2179 2185 2179)
: WARNING: 
    Model contains degenerated triangle (indices 2187 2188 2181)
: WARNING: 
    Model contains degenerated triangle (indices 2187 2181 2187)
: WARNING: 
    Model contains degenerated triangle (indices 2189 2190 2183)
: WARNING: 
    Model contains degenerated triangle (indices 2189 2183 2189)
: WARNING: 
    Model contains degenerated triangle (indices 2185 2192 2191)
: WARNING: 
    Model contains degenerated triangle (indices 2185 2191 2185)
: WARNING: 
    Model contains degenerated triangle (indices 2193 2194 2187)
: WARNING: 
    Model contains degenerated triangle (indices 2193 2187 2193)
: WARNING: 
    Model contains degenerated triangle (indices 2195 2196 2189)
: WARNING: 
    Model contains degenerated triangle (indices 2195 2189 2195)
: WARNING: 
    Model contains degenerated triangle (indices 2191 2198 2197)
: WARNING: 
    Model contains degenerated triangle (indices 2191 2197 2191)
: WARNING: 
    Model contains degenerated triangle (indices 2199 2200 2193)
: WARNING: 
    Model contains degenerated triangle (indices 2199 2193 2199)
: WARNING: 
    Model contains degenerated triangle (indices 2201 2202 2195)
: WARNING: 
    Model contains degenerated triangle (indices 2201 2195 2201)
: WARNING: 
    Model contains degenerated triangle (indices 2197 2204 2203)
: WARNING: 
    Model contains degenerated triangle (indices 2197 2203 2197)
: WARNING: 
    Model contains degenerated triangle (indices 2205 2206 2199)
: WARNING: 
    Model contains degenerated triangle (indices 2205 2199 2205)
: WARNING: 
    Model contains degenerated triangle (indices 2207 2208 2201)
: WARNING: 
    Model contains degenerated triangle (indices 2207 2201 2207)
: WARNING: 
    Model contains degenerated triangle (indices 2203 2210 2209)
: WARNING: 
    Model contains degenerated triangle (indices 2203 2209 2203)
: WARNING: 
    Model contains degenerated triangle (indices 2211 2212 2205)
: WARNING: 
    Model contains degenerated triangle (indices 2211 2205 2211)
: WARNING: 
    Model contains degenerated triangle (indices 2213 2214 2207)
: WARNING: 
    Model contains degenerated triangle (indices 2213 2207 2213)
: WARNING: 
    Model contains degenerated triangle (indices 2209 2216 2215)
: WARNING: 
    Model contains degenerated triangle (indices 2209 2215 2209)
: WARNING: 
    Model contains degenerated triangle (indices 2217 2218 2211)
: WARNING: 
    Model contains degenerated triangle (indices 2217 2211 2217)
: WARNING: 
    Model contains degenerated triangle (indices 2219 2220 2213)
: WARNING: 
    Model contains degenerated triangle (indices 2219 2213 2219)
: WARNING: 
    Model contains degenerated triangle (indices 2215 2222 2221)
: WARNING: 
    Model contains degenerated triangle (indices 2215 2221 2215)
: WARNING: 
    Model contains degenerated triangle (indices 2223 2224 2217)
: WARNING: 
    Model contains degenerated triangle (indices 2223 2217 2223)
: WARNING: 
    Model contains degenerated triangle (indices 2225 2226 2219)
: WARNING: 
    Model contains degenerated triangle (indices 2225 2219 2225)
: WARNING: 
    Model contains degenerated triangle (indices 2221 2228 2227)
: WARNING: 
    Model contains degenerated triangle (indices 2221 2227 2221)
: WARNING: 
    Model contains degenerated triangle (indices 2229 2230 2223)
: WARNING: 
    Model contains degenerated triangle (indices 2229 2223 2229)
: WARNING: 
    Model contains degenerated triangle (indices 2231 2232 2225)
: WARNING: 
    Model contains degenerated triangle (indices 2231 2225 2231)
: WARNING: 
    Model contains degenerated triangle (indices 2227 2234 2233)
: WARNING: 
    Model contains degenerated triangle (indices 2227 2233 2227)
: WARNING: 
    Model contains degenerated triangle (indices 2235 2236 2229)
: WARNING: 
    Model contains degenerated triangle (indices 2235 2229 2235)
: WARNING: 
    Model contains degenerated triangle (indices 2237 2238 2231)
: WARNING: 
    Model contains degenerated triangle (indices 2237 2231 2237)
: WARNING: 
    Model contains degenerated triangle (indices 2233 2240 2239)
: WARNING: 
    Model contains degenerated triangle (indices 2233 2239 2233)
: WARNING: 
    Model contains degenerated triangle (indices 2241 2242 2235)
: WARNING: 
    Model contains degenerated triangle (indices 2241 2235 2241)
: WARNING: 
    Model contains degenerated triangle (indices 2243 2244 2237)
: WARNING: 
    Model contains degenerated triangle (indices 2243 2237 2243)
: WARNING: 
    Model contains degenerated triangle (indices 2239 2246 2245)
: WARNING: 
    Model contains degenerated triangle (indices 2239 2245 2239)
: WARNING: 
    Model contains degenerated triangle (indices 2247 2248 2241)
: WARNING: 
    Model contains degenerated triangle (indices 2247 2241 2247)
: WARNING: 
    Model contains degenerated triangle (indices 2249 2250 2243)
: WARNING: 
    Model contains degenerated triangle (indices 2249 2243 2249)
: WARNING: 
    Model contains degenerated triangle (indices 2245 2252 2251)
: WARNING: 
    Model contains degenerated triangle (indices 2245 2251 2245)
: WARNING: 
    Model contains degenerated triangle (indices 2253 2254 2247)
: WARNING: 
    Model contains degenerated triangle (indices 2253 2247 2253)
: WARNING: 
    Model contains degenerated triangle (indices 2255 2256 2249)
: WARNING: 
    Model contains degenerated triangle (indices 2255 2249 2255)
: WARNING: 
    Model contains degenerated triangle (indices 2251 2258 2257)
: WARNING: 
    Model contains degenerated triangle (indices 2251 2257 2251)
: WARNING: 
    Model contains degenerated triangle (indices 2259 2260 2253)
: WARNING: 
    Model contains degenerated triangle (indices 2259 2253 2259)
: WARNING: 
    Model contains degenerated triangle (indices 2261 2262 2255)
: WARNING: 
    Model contains degenerated triangle (indices 2261 2255 2261)
: WARNING: 
    Model contains degenerated triangle (indices 2257 2263 1624)
: WARNING: 
    Model contains degenerated triangle (indices 2257 1624 2257)
: WARNING: 
    Model contains degenerated triangle (indices 1628 2264 2259)
: WARNING: 
    Model contains degenerated triangle (indices 1628 2259 1628)
: WARNING: 
    Model contains degenerated triangle (indices 1631 2265 2261)
: WARNING: 
    Model contains degenerated triangle (indices 1631 2261 1631)
C:\Users\arttu\AppData\Local\Temp\tmpv97j11br\Content\DSNAirlock_Large.fbx: Processed
: 
    : Finished in 0.2s
