Running from: C:\Users\arttu\AppData\Local\Temp\tmpasal_wav 
Command: C:\Users\arttu\Downloads\mwm\MwmBuilder.exe /s:Content /m:DSNAirlockPart01_Large.fbx /o:.\ 
: WARNING: 
    Could not find Materials library folder.
Textures\Models\Cubes\PaintedMetalRed_cm.dds: WARNING: 
    Texture ColorMetalTexture does not exists!
Textures\Models\Cubes\PaintedMetalColorable_ng.dds: WARNING: 
    Texture NormalGlossTexture does not exists!
Textures\Models\Cubes\PaintedMetalRed_cm.dds: WARNING: 
    Texture ColorMetalTexture does not exists!
Textures\Models\Cubes\PaintedMetalColorable_ng.dds: WARNING: 
    Texture NormalGlossTexture does not exists!
Dummy.dds: WARNING: 
    Texture DiffuseTexture does not exists!
Textures\Models\Cubes\PaintedMetalRed_cm.dds: WARNING: 
    Texture ColorMetalTexture does not exists!
Textures\Models\Cubes\PaintedMetalColorable_ng.dds: WARNING: 
    Texture NormalGlossTexture does not exists!
Dummy.dds: WARNING: 
    Texture DiffuseTexture does not exists!
: WARNING: 
    Model contains degenerated triangle (indices 3416 3415 3414)
: WARNING: 
    Model contains degenerated triangle (indices 3416 3414 3414)
: WARNING: 
    Model contains degenerated triangle (indices 5663 5662 5661)
: WARNING: 
    Model contains degenerated triangle (indices 5663 5661 5661)
C:\Users\arttu\AppData\Local\Temp\tmpasal_wav\Content\DSNAirlockPart01_Large.fbx: Processed
: 
    : Finished in 0.2s
